<?xml version="1.0" encoding="UTF-8"?>
<testng-results ignored="0" total="1" passed="1" failed="0" skipped="0">
  <reporter-output>
  </reporter-output>
  <suite started-at="2024-04-05T10:54:01 IST" name="Default suite" finished-at="2024-04-05T10:54:36 IST" duration-ms="35180">
    <groups>
    </groups>
    <test started-at="2024-04-05T10:54:01 IST" name="Default test" finished-at="2024-04-05T10:54:36 IST" duration-ms="35180">
      <class name="certificate.GenerateCertificateTest">
        <test-method is-config="true" signature="openBrowser()[pri:0, instance:certificate.GenerateCertificateTest@78691363]" started-at="2024-04-05T10:54:01 IST" name="openBrowser" finished-at="2024-04-05T10:54:04 IST" duration-ms="3777" status="PASS">
          <reporter-output>
          </reporter-output>
        </test-method> <!-- openBrowser -->
        <test-method is-config="true" signature="login()[pri:0, instance:certificate.GenerateCertificateTest@78691363]" started-at="2024-04-05T10:54:04 IST" name="login" finished-at="2024-04-05T10:54:17 IST" duration-ms="12586" status="PASS">
          <reporter-output>
          </reporter-output>
        </test-method> <!-- login -->
        <test-method signature="schoolLeavingCertificateTest()[pri:0, instance:certificate.GenerateCertificateTest@78691363]" started-at="2024-04-05T10:54:17 IST" name="schoolLeavingCertificateTest" finished-at="2024-04-05T10:54:36 IST" duration-ms="18490" status="PASS">
          <reporter-output>
          </reporter-output>
        </test-method> <!-- schoolLeavingCertificateTest -->
        <test-method is-config="true" signature="closeBrowser()[pri:0, instance:certificate.GenerateCertificateTest@78691363]" started-at="2024-04-05T10:54:36 IST" name="closeBrowser" finished-at="2024-04-05T10:54:36 IST" duration-ms="273" status="PASS">
          <reporter-output>
          </reporter-output>
        </test-method> <!-- closeBrowser -->
      </class> <!-- certificate.GenerateCertificateTest -->
    </test> <!-- Default test -->
  </suite> <!-- Default suite -->
</testng-results>
