<?xml version="1.0" encoding="UTF-8"?>
<testng-results ignored="0" total="1" passed="1" failed="0" skipped="0">
  <reporter-output>
  </reporter-output>
  <suite started-at="2024-04-05T09:28:01 IST" name="Suite" finished-at="2024-04-05T09:28:22 IST" duration-ms="21176">
    <groups>
    </groups>
    <test started-at="2024-04-05T09:28:01 IST" name="Test" finished-at="2024-04-05T09:28:22 IST" duration-ms="21176">
      <class name="certificate.GenerateCertificateTest">
        <test-method is-config="true" signature="openBrowser()[pri:0, instance:certificate.GenerateCertificateTest@78691363]" started-at="2024-04-05T09:28:01 IST" name="openBrowser" finished-at="2024-04-05T09:28:03 IST" duration-ms="2346" status="PASS">
          <reporter-output>
          </reporter-output>
        </test-method> <!-- openBrowser -->
        <test-method is-config="true" signature="login()[pri:0, instance:certificate.GenerateCertificateTest@78691363]" started-at="2024-04-05T09:28:03 IST" name="login" finished-at="2024-04-05T09:28:05 IST" duration-ms="2241" status="PASS">
          <reporter-output>
          </reporter-output>
        </test-method> <!-- login -->
        <test-method signature="schoolLeavingCertificateTest()[pri:0, instance:certificate.GenerateCertificateTest@78691363]" started-at="2024-04-05T09:28:05 IST" name="schoolLeavingCertificateTest" finished-at="2024-04-05T09:28:21 IST" duration-ms="16306" status="PASS">
          <reporter-output>
          </reporter-output>
        </test-method> <!-- schoolLeavingCertificateTest -->
        <test-method is-config="true" signature="closeBrowser()[pri:0, instance:certificate.GenerateCertificateTest@78691363]" started-at="2024-04-05T09:28:21 IST" name="closeBrowser" finished-at="2024-04-05T09:28:22 IST" duration-ms="245" status="PASS">
          <reporter-output>
          </reporter-output>
        </test-method> <!-- closeBrowser -->
      </class> <!-- certificate.GenerateCertificateTest -->
    </test> <!-- Test -->
  </suite> <!-- Suite -->
</testng-results>
